[    0.000000] Initializing cgroup subsys cpuset
[    0.000000] Initializing cgroup subsys cpu
[    0.000000] Initializing cgroup subsys cpuacct
[    0.000000] Linux version 4.4.0-96-generic (buildd@lgw01-10) (gcc version 5.4.0 20160609 (Ubuntu 5.4.0-6ubuntu1~16.04.4) ) #119-Ubuntu SMP Tue Sep 12 14:59:54 UTC 2017 (Ubuntu 4.4.0-96.119-generic 4.4.83)
[    0.000000] Command line: BOOT_IMAGE=/boot/vmlinuz-4.4.0-96-generic root=LABEL=cloudimg-rootfs ro console=tty1 console=ttyS0
[    0.000000] KERNEL supported cpus:
[    0.000000]   Intel GenuineIntel
[    0.000000]   AMD AuthenticAMD
[    0.000000]   Centaur CentaurHauls
[    0.000000] x86/fpu: xstate_offset[2]:  576, xstate_sizes[2]:  256
[    0.000000] x86/fpu: Supporting XSAVE feature 0x01: 'x87 floating point registers'
[    0.000000] x86/fpu: Supporting XSAVE feature 0x02: 'SSE registers'
[    0.000000] x86/fpu: Supporting XSAVE feature 0x04: 'AVX registers'
[    0.000000] x86/fpu: Enabled xstate features 0x7, context size is 832 bytes, using 'standard' format.
[    0.000000] x86/fpu: Using 'lazy' FPU context switches.
[    0.000000] e820: BIOS-provided physical RAM map:
[    0.000000] BIOS-e820: [mem 0x0000000000000000-0x000000000009fbff] usable
[    0.000000] BIOS-e820: [mem 0x000000000009fc00-0x000000000009ffff] reserved
[    0.000000] BIOS-e820: [mem 0x00000000000f0000-0x00000000000fffff] reserved
[    0.000000] BIOS-e820: [mem 0x0000000000100000-0x000000001ffeffff] usable
[    0.000000] BIOS-e820: [mem 0x000000001fff0000-0x000000001fffffff] ACPI data
[    0.000000] BIOS-e820: [mem 0x00000000fec00000-0x00000000fec00fff] reserved
[    0.000000] BIOS-e820: [mem 0x00000000fee00000-0x00000000fee00fff] reserved
[    0.000000] BIOS-e820: [mem 0x00000000fffc0000-0x00000000ffffffff] reserved
[    0.000000] NX (Execute Disable) protection: active
[    0.000000] SMBIOS 2.5 present.
[    0.000000] Hypervisor detected: KVM
[    0.000000] e820: last_pfn = 0x1fff0 max_arch_pfn = 0x400000000
[    0.000000] MTRR: Disabled
[    0.000000] x86/PAT: MTRRs disabled, skipping PAT initialization too.
[    0.000000] CPU MTRRs all blank - virtualized system.
[    0.000000] x86/PAT: Configuration [0-7]: WB  WT  UC- UC  WB  WT  UC- UC  
[    0.000000] found SMP MP-table at [mem 0x0009fff0-0x0009ffff] mapped at [ffff88000009fff0]
[    0.000000] Scanning 1 areas for low memory corruption
[    0.000000] RAMDISK: [mem 0x1ed02000-0x1f786fff]
[    0.000000] ACPI: Early table checksum verification disabled
[    0.000000] ACPI: RSDP 0x00000000000E0000 000024 (v02 VBOX  )
[    0.000000] ACPI: XSDT 0x000000001FFF0030 00003C (v01 VBOX   VBOXXSDT 00000001 ASL  00000061)
[    0.000000] ACPI: FACP 0x000000001FFF00F0 0000F4 (v04 VBOX   VBOXFACP 00000001 ASL  00000061)
[    0.000000] ACPI: DSDT 0x000000001FFF0470 0021C8 (v02 VBOX   VBOXBIOS 00000002 INTL 20100528)
[    0.000000] ACPI: FACS 0x000000001FFF0200 000040
[    0.000000] ACPI: FACS 0x000000001FFF0200 000040
[    0.000000] ACPI: APIC 0x000000001FFF0240 00005C (v02 VBOX   VBOXAPIC 00000001 ASL  00000061)
[    0.000000] ACPI: SSDT 0x000000001FFF02A0 0001CC (v01 VBOX   VBOXCPUT 00000002 INTL 20100528)
[    0.000000] No NUMA configuration found
[    0.000000] Faking a node at [mem 0x0000000000000000-0x000000001ffeffff]
[    0.000000] NODE_DATA(0) allocated [mem 0x1ffeb000-0x1ffeffff]
[    0.000000] kvm-clock: Using msrs 4b564d01 and 4b564d00
[    0.000000] kvm-clock: cpu 0, msr 0:1ffe3001, primary cpu clock
[    0.000000] kvm-clock: using sched offset of 3525459115 cycles
[    0.000000] clocksource: kvm-clock: mask: 0xffffffffffffffff max_cycles: 0x1cd42e4dffb, max_idle_ns: 881590591483 ns
[    0.000000] Zone ranges:
[    0.000000]   DMA      [mem 0x0000000000001000-0x0000000000ffffff]
[    0.000000]   DMA32    [mem 0x0000000001000000-0x000000001ffeffff]
[    0.000000]   Normal   empty
[    0.000000]   Device   empty
[    0.000000] Movable zone start for each node
[    0.000000] Early memory node ranges
[    0.000000]   node   0: [mem 0x0000000000001000-0x000000000009efff]
[    0.000000]   node   0: [mem 0x0000000000100000-0x000000001ffeffff]
[    0.000000] Initmem setup node 0 [mem 0x0000000000001000-0x000000001ffeffff]
[    0.000000] ACPI: PM-Timer IO Port: 0x4008
[    0.000000] IOAPIC[0]: apic_id 2, version 32, address 0xfec00000, GSI 0-23
[    0.000000] ACPI: INT_SRC_OVR (bus 0 bus_irq 0 global_irq 2 dfl dfl)
[    0.000000] ACPI: INT_SRC_OVR (bus 0 bus_irq 9 global_irq 9 high level)
[    0.000000] Using ACPI (MADT) for SMP configuration information
[    0.000000] smpboot: Allowing 2 CPUs, 0 hotplug CPUs
[    0.000000] PM: Registered nosave memory: [mem 0x00000000-0x00000fff]
[    0.000000] PM: Registered nosave memory: [mem 0x0009f000-0x0009ffff]
[    0.000000] PM: Registered nosave memory: [mem 0x000a0000-0x000effff]
[    0.000000] PM: Registered nosave memory: [mem 0x000f0000-0x000fffff]
[    0.000000] e820: [mem 0x20000000-0xfebfffff] available for PCI devices
[    0.000000] Booting paravirtualized kernel on KVM
[    0.000000] clocksource: refined-jiffies: mask: 0xffffffff max_cycles: 0xffffffff, max_idle_ns: 7645519600211568 ns
[    0.000000] setup_percpu: NR_CPUS:512 nr_cpumask_bits:512 nr_cpu_ids:2 nr_node_ids:1
[    0.000000] PERCPU: Embedded 34 pages/cpu @ffff88001fc00000 s98328 r8192 d32744 u1048576
[    0.000000] PV qspinlock hash table entries: 256 (order: 0, 4096 bytes)
[    0.000000] Built 1 zonelists in Node order, mobility grouping on.  Total pages: 128889
[    0.000000] Policy zone: DMA32
[    0.000000] Kernel command line: BOOT_IMAGE=/boot/vmlinuz-4.4.0-96-generic root=LABEL=cloudimg-rootfs ro console=tty1 console=ttyS0
[    0.000000] PID hash table entries: 2048 (order: 2, 16384 bytes)
[    0.000000] Memory: 485712K/523832K available (8479K kernel code, 1294K rwdata, 3984K rodata, 1492K init, 1316K bss, 38120K reserved, 0K cma-reserved)
[    0.000000] SLUB: HWalign=64, Order=0-3, MinObjects=0, CPUs=2, Nodes=1
[    0.000000] Hierarchical RCU implementation.
[    0.000000] 	Build-time adjustment of leaf fanout to 64.
[    0.000000] 	RCU restricting CPUs from NR_CPUS=512 to nr_cpu_ids=2.
[    0.000000] RCU: Adjusting geometry for rcu_fanout_leaf=64, nr_cpu_ids=2
[    0.000000] NR_IRQS:33024 nr_irqs:440 16
[    0.000000] Console: colour VGA+ 80x25
[    0.000000] console [tty1] enabled
[    0.000000] console [ttyS0] enabled
[    0.000000] tsc: Detected 2699.998 MHz processor
[    7.338474] Calibrating delay loop (skipped) preset value.. 5399.99 BogoMIPS (lpj=10799992)
[    7.472573] pid_max: default: 32768 minimum: 301
[    7.524709] ACPI: Core revision 20150930
[    7.555063] ACPI: 2 ACPI AML tables successfully acquired and loaded
[    7.657185] Security Framework initialized
[    7.694471] Yama: becoming mindful.
[    7.734140] AppArmor: AppArmor initialized
[    7.802528] Dentry cache hash table entries: 65536 (order: 7, 524288 bytes)
[    7.860217] Inode-cache hash table entries: 32768 (order: 6, 262144 bytes)
[    7.981791] Mount-cache hash table entries: 1024 (order: 1, 8192 bytes)
[    8.086908] Mountpoint-cache hash table entries: 1024 (order: 1, 8192 bytes)
[    8.186310] Initializing cgroup subsys io
[    8.275463] Initializing cgroup subsys memory
[    8.341639] Initializing cgroup subsys devices
[    8.410786] Initializing cgroup subsys freezer
[    8.494229] Initializing cgroup subsys net_cls
[    8.595933] Initializing cgroup subsys perf_event
[    8.683561] Initializing cgroup subsys net_prio
[    8.767390] Initializing cgroup subsys hugetlb
[    8.849967] Initializing cgroup subsys pids
[    8.925596] CPU: Physical Processor ID: 0
[    8.987744] CPU: Processor Core ID: 0
[    9.054572] mce: CPU supports 0 MCE banks
[    9.147277] Last level iTLB entries: 4KB 64, 2MB 8, 4MB 8
[    9.233680] Last level dTLB entries: 4KB 64, 2MB 0, 4MB 0, 1GB 4
[    9.349197] Freeing SMP alternatives memory: 32K
[    9.445486] ftrace: allocating 32146 entries in 126 pages
[    9.564896] smpboot: APIC(0) Converting physical 0 to logical package 0
[    9.694593] smpboot: Max logical packages: 1
[    9.764306] x2apic enabled
[    9.825414] Switched APIC routing to physical x2apic.
[    9.903177] ..TIMER: vector=0x30 apic1=0 pin1=2 apic2=-1 pin2=-1
[   10.073816] smpboot: CPU0: Intel(R) Core(TM) i5-5257U CPU @ 2.70GHz (family: 0x6, model: 0x3d, stepping: 0x4)
[   10.206791] Performance Events: unsupported p6 CPU model 61 no PMU driver, software events only.
[   10.353293] KVM setup paravirtual spinlock
[   10.382499] x86: Booting SMP configuration:
[   10.443846] .... node  #0, CPUs:      #1
[   10.501719] kvm-clock: cpu 1, msr 0:1ffe3041, secondary cpu clock
[   10.624962] mce: CPU supports 0 MCE banks
[   10.673502] x86: Booted up 1 node, 2 CPUs
[   10.734510] smpboot: Total of 2 processors activated (10799.99 BogoMIPS)
[   10.817080] devtmpfs: initialized
[   10.851099] evm: security.selinux
[   10.854037] evm: security.SMACK64
[   10.862948] evm: security.SMACK64EXEC
[   10.887854] evm: security.SMACK64TRANSMUTE
[   10.920043] evm: security.SMACK64MMAP
[   10.978863] evm: security.ima
[   10.985599] evm: security.capability
[   11.006569] clocksource: jiffies: mask: 0xffffffff max_cycles: 0xffffffff, max_idle_ns: 7645041785100000 ns
[   11.050354] futex hash table entries: 512 (order: 3, 32768 bytes)
[   11.064910] pinctrl core: initialized pinctrl subsystem
[   11.104477] RTC time: 10:42:21, date: 10/05/17
[   11.181098] NET: Registered protocol family 16
[   11.261288] cpuidle: using governor ladder
[   11.344582] cpuidle: using governor menu
[   11.407667] PCCT header not found.
[   11.484491] ACPI: bus type PCI registered
[   11.549861] acpiphp: ACPI Hot Plug PCI Controller Driver version: 0.5
[   11.690206] PCI: Using configuration type 1 for base access
[   11.802173] ACPI: Added _OSI(Module Device)
[   11.868997] ACPI: Added _OSI(Processor Device)
[   11.920955] ACPI: Added _OSI(3.0 _SCP Extensions)
[   11.961441] ACPI: Added _OSI(Processor Aggregator Device)
[   12.004801] ACPI: Executed 1 blocks of module-level executable AML code
[   12.129125] ACPI: Interpreter enabled
[   12.206524] ACPI: (supports S0 S5)
[   12.251333] ACPI: Using IOAPIC for interrupt routing
[   12.285392] PCI: Using host bridge windows from ACPI; if necessary, use "pci=nocrs" and report a bug
[   12.388560] ACPI: PCI Root Bridge [PCI0] (domain 0000 [bus 00-ff])
[   12.456850] acpi PNP0A03:00: _OSC: OS supports [ASPM ClockPM Segments MSI]
[   12.472249] acpi PNP0A03:00: _OSC failed (AE_NOT_FOUND); disabling ASPM
[   12.512591] acpi PNP0A03:00: fail to add MMCONFIG information, can't access extended PCI configuration space under this bridge.
[   12.581314] PCI host bridge to bus 0000:00
[   12.596362] pci_bus 0000:00: root bus resource [io  0x0000-0x0cf7 window]
[   12.619428] pci_bus 0000:00: root bus resource [io  0x0d00-0xffff window]
[   12.674021] pci_bus 0000:00: root bus resource [mem 0x000a0000-0x000bffff window]
[   12.719722] pci_bus 0000:00: root bus resource [mem 0x20000000-0xffdfffff window]
[   12.731149] pci_bus 0000:00: root bus resource [bus 00-ff]
[   12.775043] pci 0000:00:01.1: legacy IDE quirk: reg 0x10: [io  0x01f0-0x01f7]
[   12.816298] pci 0000:00:01.1: legacy IDE quirk: reg 0x14: [io  0x03f6]
[   12.853906] pci 0000:00:01.1: legacy IDE quirk: reg 0x18: [io  0x0170-0x0177]
[   12.993788] pci 0000:00:01.1: legacy IDE quirk: reg 0x1c: [io  0x0376]
[   13.161503] pci 0000:00:07.0: quirk: [io  0x4000-0x403f] claimed by PIIX4 ACPI
[   13.300691] pci 0000:00:07.0: quirk: [io  0x4100-0x410f] claimed by PIIX4 SMB
[   13.437265] ACPI: PCI Interrupt Link [LNKA] (IRQs 5 9 10 *11)
[   13.540380] ACPI: PCI Interrupt Link [LNKB] (IRQs 5 9 10 *11)
[   13.625852] ACPI: PCI Interrupt Link [LNKC] (IRQs 5 9 *10 11)
[   13.732390] ACPI: PCI Interrupt Link [LNKD] (IRQs 5 *9 10 11)
[   13.846329] ACPI: Enabled 2 GPEs in block 00 to 07
[   13.927615] vgaarb: setting as boot device: PCI:0000:00:02.0
[   14.057667] vgaarb: device added: PCI:0000:00:02.0,decodes=io+mem,owns=io+mem,locks=none
[   14.211987] vgaarb: loaded
[   14.263299] vgaarb: bridge control possible 0000:00:02.0
[   14.361300] SCSI subsystem initialized
[   14.426742] ACPI: bus type USB registered
[   14.458772] usbcore: registered new interface driver usbfs
[   14.553207] usbcore: registered new interface driver hub
[   14.652031] usbcore: registered new device driver usb
[   14.758119] PCI: Using ACPI for IRQ routing
[   14.775984] NetLabel: Initializing
[   14.858928] NetLabel:  domain hash size = 128
[   14.910647] NetLabel:  protocols = UNLABELED CIPSOv4
[   14.972035] NetLabel:  unlabeled traffic allowed by default
[   15.041239] amd_nb: Cannot enumerate AMD northbridges
[   15.058356] clocksource: Switched to clocksource kvm-clock
[   15.095982] AppArmor: AppArmor Filesystem Enabled
[   15.211349] pnp: PnP ACPI init
[   15.271395] pnp: PnP ACPI: found 3 devices
[   15.368079] clocksource: acpi_pm: mask: 0xffffff max_cycles: 0xffffff, max_idle_ns: 2085701024 ns
[   15.613172] NET: Registered protocol family 2
[   15.700630] TCP established hash table entries: 4096 (order: 3, 32768 bytes)
[   15.810173] TCP bind hash table entries: 4096 (order: 4, 65536 bytes)
[   15.893829] TCP: Hash tables configured (established 4096 bind 4096)
[   15.982768] UDP hash table entries: 256 (order: 1, 8192 bytes)
[   16.009459] UDP-Lite hash table entries: 256 (order: 1, 8192 bytes)
[   16.050996] NET: Registered protocol family 1
[   16.129520] pci 0000:00:00.0: Limiting direct PCI/PCI transfers
[   16.148156] pci 0000:00:01.0: Activating ISA DMA hang workarounds
[   16.260934] Unpacking initramfs...
[   18.130910] Freeing initrd memory: 10772K
[   18.225675] RAPL PMU detected, API unit is 2^-32 Joules, 4 fixed counters 10737418240 ms ovfl timer
[   18.383540] hw unit of domain pp0-core 2^-0 Joules
[   18.470104] hw unit of domain package 2^-0 Joules
[   18.565744] hw unit of domain dram 2^-0 Joules
[   18.655072] hw unit of domain pp1-gpu 2^-0 Joules
[   18.748490] platform rtc_cmos: registered platform RTC device (no PNP device found)
[   18.918961] Scanning for low memory corruption every 60 seconds
[   19.028394] audit: initializing netlink subsys (disabled)
[   19.144103] audit: type=2000 audit(1507200140.176:1): initialized
[   19.304425] Initialise system trusted keyring
[   19.335745] HugeTLB registered 2 MB page size, pre-allocated 0 pages
[   19.397535] zbud: loaded
[   19.422109] VFS: Disk quotas dquot_6.6.0
[   19.471630] VFS: Dquot-cache hash table entries: 512 (order 0, 4096 bytes)
[   19.512461] squashfs: version 4.0 (2009/01/31) Phillip Lougher
[   19.537523] fuse init (API version 7.23)
[   19.554315] Key type big_key registered
[   19.564030] Allocating IMA MOK and blacklist keyrings.
[   19.593861] Key type asymmetric registered
[   19.614940] Asymmetric key parser 'x509' registered
[   19.640691] Block layer SCSI generic (bsg) driver version 0.4 loaded (major 249)
[   19.645893] io scheduler noop registered
[   19.650056] io scheduler deadline registered (default)
[   19.666948] io scheduler cfq registered
[   19.673758] pci_hotplug: PCI Hot Plug PCI Core version: 0.5
[   19.678672] pciehp: PCI Express Hot Plug Controller Driver version: 0.4
[   19.693727] ACPI: AC Adapter [AC] (on-line)
[   19.724625] input: Power Button as /devices/LNXSYSTM:00/LNXPWRBN:00/input/input0
[   19.740276] ACPI: Power Button [PWRF]
[   19.752946] tsc: Refined TSC clocksource calibration: 2700.619 MHz
[   19.758932] input: Sleep Button as /devices/LNXSYSTM:00/LNXSLPBN:00/input/input1
[   19.758936] ACPI: Sleep Button [SLPF]
[   19.759189] GHES: HEST is not enabled!
[   19.766213] ACPI: Battery Slot [BAT0] (battery present)
[   19.766275] Serial: 8250/16550 driver, 32 ports, IRQ sharing enabled
[   19.807549] 00:02: ttyS0 at I/O 0x3f8 (irq = 4, base_baud = 115200) is a 16550A
[   19.820050] Linux agpgart interface v0.103
[   19.853451] loop: module loaded
[   19.854187] scsi host0: ata_piix
[   19.854257] scsi host1: ata_piix
[   19.854297] ata1: PATA max UDMA/33 cmd 0x1f0 ctl 0x3f6 bmdma 0xd000 irq 14
[   19.854298] ata2: PATA max UDMA/33 cmd 0x170 ctl 0x376 bmdma 0xd008 irq 15
[   19.854437] libphy: Fixed MDIO Bus: probed
[   19.854439] tun: Universal TUN/TAP device driver, 1.6
[   19.854440] tun: (C) 1999-2004 Max Krasnyansky <maxk@qualcomm.com>
[   19.854911] PPP generic driver version 2.4.2
[   19.854977] ehci_hcd: USB 2.0 'Enhanced' Host Controller (EHCI) Driver
[   19.854983] ehci-pci: EHCI PCI platform driver
[   19.855001] ehci-platform: EHCI generic platform driver
[   19.855010] ohci_hcd: USB 1.1 'Open' Host Controller (OHCI) Driver
[   19.855015] ohci-pci: OHCI PCI platform driver
[   19.855026] ohci-platform: OHCI generic platform driver
[   19.855034] uhci_hcd: USB Universal Host Controller Interface driver
[   19.855101] i8042: PNP: PS/2 Controller [PNP0303:PS2K,PNP0f03:PS2M] at 0x60,0x64 irq 1,12
[   19.855626] serio: i8042 KBD port at 0x60,0x64 irq 1
[   19.855631] serio: i8042 AUX port at 0x60,0x64 irq 12
[   19.855753] mousedev: PS/2 mouse device common for all mice
[   19.856092] input: AT Translated Set 2 keyboard as /devices/platform/i8042/serio0/input/input2
[   19.856554] rtc_cmos rtc_cmos: rtc core: registered rtc_cmos as rtc0
[   19.856627] rtc_cmos rtc_cmos: alarms up to one day, 114 bytes nvram
[   19.856635] i2c /dev entries driver
[   19.856703] device-mapper: uevent: version 1.0.3
[   19.856774] device-mapper: ioctl: 4.34.0-ioctl (2015-10-28) initialised: dm-devel@redhat.com
[   19.856790] ledtrig-cpu: registered to indicate activity on CPUs
[   19.857100] NET: Registered protocol family 10
[   19.857260] NET: Registered protocol family 17
[   19.857271] Key type dns_resolver registered
[   19.857427] microcode: CPU0 sig=0x306d4, pf=0x40, revision=0x0
[   19.857811] microcode: CPU1 sig=0x306d4, pf=0x40, revision=0x0
[   19.857845] microcode: Microcode Update Driver: v2.01 <tigran@aivazian.fsnet.co.uk>, Peter Oruba
[   19.857985] registered taskstats version 1
[   19.858002] Loading compiled-in X.509 certificates
[   19.858939] Loaded X.509 cert 'Build time autogenerated kernel key: b1a6ea8776bed2812c00d8a799f968274ef48628'
[   19.858967] zswap: loaded using pool lzo/zbud
[   19.861053] Key type trusted registered
[   19.863940] Key type encrypted registered
[   19.863947] AppArmor: AppArmor sha1 policy hashing enabled
[   19.863950] ima: No TPM chip found, activating TPM-bypass!
[   19.863967] evm: HMAC attrs: 0x1
[   19.864274]   Magic number: 5:144:729
[   19.906828] rtc_cmos rtc_cmos: setting system clock to 2017-10-05 10:42:30 UTC (1507200150)
[   19.906931] BIOS EDD facility v0.16 2004-Jun-25, 0 devices found
[   19.906931] EDD information not available.
[   23.243931] clocksource: tsc: mask: 0xffffffffffffffff max_cycles: 0x26ed8763562, max_idle_ns: 440795272513 ns
[   23.511978] Freeing unused kernel memory: 1492K
[   23.637187] Write protecting the kernel read-only data: 14336k
[   23.802555] Freeing unused kernel memory: 1748K
[   23.877077] Freeing unused kernel memory: 112K
Loading, please wait...
[   24.036973] random: systemd-udevd: uninitialized urandom read (16 bytes read, 7 bits of entropy available)
starting version[   24.037529] random: udevadm: uninitialized urandom read (16 bytes read, 7 bits of entropy available)
 229
[   24.037698] random: udevadm: uninitialized urandom read (16 bytes read, 7 bits of entropy available)
[   24.037900] random: udevadm: uninitialized urandom read (16 bytes read, 7 bits of entropy available)
[   24.037963] random: udevadm: uninitialized urandom read (16 bytes read, 7 bits of entropy available)
[   24.038020] random: udevadm: uninitialized urandom read (16 bytes read, 7 bits of entropy available)
[   24.038076] random: udevadm: uninitialized urandom read (16 bytes read, 7 bits of entropy available)
[   24.038144] random: udevadm: uninitialized urandom read (16 bytes read, 7 bits of entropy available)
[   24.038199] random: udevadm: uninitialized urandom read (16 bytes read, 7 bits of entropy available)
[   24.038254] random: udevadm: uninitialized urandom read (16 bytes read, 7 bits of entropy available)
[   25.726346] Fusion MPT base driver 3.04.20
[   25.780177] Copyright (c) 1999-2008 LSI Corporation
[   25.823492] e1000: Intel(R) PRO/1000 Network Driver - version 7.3.21-k8-NAPI
[   25.881235] e1000: Copyright (c) 1999-2006 Intel Corporation.
[   25.949222] AVX version of gcm_enc/dec engaged.
[   25.975578] AES CTR mode by8 optimization enabled
[   26.054577] Fusion MPT SPI Host driver 3.04.20
[   26.275017] input: ImExPS/2 Generic Explorer Mouse as /devices/platform/i8042/serio1/input/input4
[   26.461001] e1000 0000:00:03.0 eth0: (PCI:33MHz:32-bit) 02:09:68:14:77:96
[   26.584267] e1000 0000:00:03.0 eth0: Intel(R) PRO/1000 Network Connection
[   26.711366] e1000 0000:00:03.0 enp0s3: renamed from eth0
[   26.839840] mptbase: ioc0: Initiating bringup
[   26.983033] ioc0: LSI53C1030 A0: Capabilities={Initiator}
[   27.249418] scsi host2: ioc0: LSI53C1030 A0, FwRev=00000000h, Ports=1, MaxQ=256, IRQ=20
[   27.467084] scsi 2:0:0:0: Direct-Access     VBOX     HARDDISK         1.0  PQ: 0 ANSI: 5
[   27.579436] scsi target2:0:0: Beginning Domain Validation
[   27.644816] scsi target2:0:0: Domain Validation skipping write tests
[   27.763346] scsi target2:0:0: Ending Domain Validation
[   27.837502] scsi target2:0:0: asynchronous
[   27.871313] scsi 2:0:1:0: Direct-Access     VBOX     HARDDISK         1.0  PQ: 0 ANSI: 5
[   28.009822] scsi target2:0:1: Beginning Domain Validation
[   28.041774] scsi target2:0:1: Domain Validation skipping write tests
[   28.087535] scsi target2:0:1: Ending Domain Validation
[   28.115715] scsi target2:0:1: asynchronous
[   28.151412] sd 2:0:0:0: [sda] 20971520 512-byte logical blocks: (10.7 GB/10.0 GiB)
[   28.151520] sd 2:0:0:0: Attached scsi generic sg0 type 0
[   28.197890] sd 2:0:0:0: [sda] Write Protect is off
[   28.254821] sd 2:0:1:0: [sdb] 20480 512-byte logical blocks: (10.5 MB/10.0 MiB)
[   28.255045] sd 2:0:1:0: Attached scsi generic sg1 type 0
[   28.411186] sd 2:0:0:0: [sda] Incomplete mode parameter data
[   28.411397] sd 2:0:1:0: [sdb] Write Protect is off
[   28.411537] sd 2:0:1:0: [sdb] Incomplete mode parameter data
[   28.411538] sd 2:0:1:0: [sdb] Assuming drive cache: write through
[   28.493000] sd 2:0:1:0: [sdb] Attached SCSI disk
[   28.523873] sd 2:0:0:0: [sda] Assuming drive cache: write through
[   28.551663]  sda: sda1
[   28.560640] sd 2:0:0:0: [sda] Attached SCSI disk
[   28.782921] floppy0: no floppy controllers found
Begin: Loading e[   30.249004] md: linear personality registered for level -1
ssential drivers[   30.378984] md: multipath personality registered for level -4
 ... [   30.521462] md: raid0 personality registered for level 0
[   30.633529] md: raid1 personality registered for level 1
[   30.782484] raid6: sse2x1   gen()  5660 MB/s
[   30.914391] raid6: sse2x1   xor()  6902 MB/s
[   31.026600] raid6: sse2x2   gen() 11290 MB/s
[   31.138485] raid6: sse2x2   xor()  7841 MB/s
[   31.278452] raid6: sse2x4   gen() 12537 MB/s
[   31.430734] raid6: sse2x4   xor()  8907 MB/s
[   31.514985] raid6: using algorithm sse2x4 gen() 12537 MB/s
[   31.607254] raid6: .... xor() 8907 MB/s, rmw enabled
[   31.667375] raid6: using ssse3x2 recovery algorithm
[   31.736231] xor: automatically using best checksumming function:
[   31.874430]    avx       : 13447.000 MB/sec
[   31.954150] async_tx: api initialized (async)
[   32.034966] md: raid6 personality registered for level 6
[   32.106241] md: raid5 personality registered for level 5
[   32.161027] md: raid4 personality registered for level 4
[   32.273597] md: raid10 personality registered for level 10
done.
Begin: Running /scripts/init-premount ... done.
Begin: Mounting root file system ... Beg[   32.365857] Btrfs loaded
in: Running /scripts/local-top ... done.
Begin: Running /script[   32.442740] EXT4-fs (sda1): mounted filesystem with ordered data mode. Opts: (null)
s/local-premount ... Scanning for Btrfs filesystems
done.
Warning: fsck not present, so skipping root file system
done.
Begin: Running /scripts/local-bottom ... done.
Begin: Running /scripts/init-bottom ... done.
[   32.620447] systemd[1]: systemd 229 running in system mode. (+PAM +AUDIT +SELINUX +IMA +APPARMOR +SMACK +SYSVINIT +UTMP +LIBCRYPTSETUP +GCRYPT +GNUTLS +ACL +XZ -LZ4 +SECCOMP +BLKID +ELFUTILS +KMOD -IDN)
[   32.869443] systemd[1]: Detected virtualization oracle.
[   32.937207] systemd[1]: Detected architecture x86-64.

Welcome to [1mUbuntu 16.04.3 LTS[0m!

[   32.980343] systemd[1]: Set hostname to <ubuntu>.
[   33.029489] systemd[1]: Initializing machine ID from random generator.
[   33.112982] systemd[1]: Installed transient /etc/machine-id file.
[   33.285301] systemd[1]: Reached target Encrypted Volumes.
[[0;32m  OK  [0m] Reached target Encrypted Volumes.
[   33.438890] systemd[1]: Set up automount Arbitrary Executable File Formats File System Automount Point.
[[0;32m  OK  [0m] Set up automount Arbitrary Executab...ats File System Automount Point.
[   33.626747] systemd[1]: Reached target User and Group Name Lookups.
[[0;32m  OK  [0m] Reached target User and Group Name Lookups.
[   33.838879] systemd[1]: Listening on LVM2 poll daemon socket.
[[0;32m  OK  [0m] Listening on LVM2 poll daemon socket.
[   34.062719] systemd[1]: Listening on Journal Socket (/dev/log).
[[0;32m  OK  [0m] Listening on Journal Socket (/dev/log).
[   34.259086] systemd[1]: Started Trigger resolvconf update for networkd DNS.
[[0;32m  OK  [0m] Started Trigger resolvconf update for networkd DNS.
[   34.432032] systemd[1]: Listening on /dev/initctl Compatibility Named Pipe.
[[0;32m  OK  [0m] Listening on /dev/initctl Compatibility Named Pipe.
[   34.582979] systemd[1]: Reached target Swap.
[[0;32m  OK  [0m] Reached target Swap.
[   34.721166] systemd[1]: Listening on Device-mapper event daemon FIFOs.
[[0;32m  OK  [0m] Listening on Device-mapper ev[   34.918637] random: nonblocking pool is initialized
ent daemon FIFOs.
[   35.066871] systemd[1]: Listening on Syslog Socket.
[[0;32m  OK  [0m] Listening on Syslog Socket.
[   35.246832] systemd[1]: Listening on Journal Audit Socket.
[[0;32m  OK  [0m] Listening on Journal Audit Socket.
[   35.422908] systemd[1]: Listening on Journal Socket.
[[0;32m  OK  [0m] Listening on Journal Socket.
[   35.487548] systemd[1]: Created slice System Slice.
[[0;32m  OK  [0m] Created slice System Slice.
[   35.590828] systemd[1]: Starting Create list of required static device nodes for the current kernel...
         Starting Create list of required st... nodes for the current kernel...
[   35.703711] systemd[1]: Mounting Huge Pages File System...
         Mounting Huge Pages File System...
[   35.787043] systemd[1]: Created slice system-serial\x2dgetty.slice.
[[0;32m  OK  [0m] Created slice system-serial\x2dgetty.slice.
[   35.958975] systemd[1]: Starting Set console keymap...
         Starting Set console keymap...
[   36.142942] systemd[1]: Starting Load Kernel Modules...
         Starting Load Ke[   36.178750] Loading iSCSI transport class v2.0-870.
rnel Modules...
[   36.200031] systemd[1]: Starting Nameserver information manager...
         Startin[   36.237341] iscsi: registered transport (tcp)
g Nameserver information manager...
[   36.292864] iscsi: registered transport (iser)
[   36.347012] systemd[1]: Starting Journal Service...
         Starting Journal Service...
[   36.423355] systemd[1]: Created slice User and Session Slice.
[[0;32m  OK  [0m] Created slice User and Session Slice.
[   36.519030] systemd[1]: Reached target Slices.
[[0;32m  OK  [0m] Reached target Slices.
[   36.627050] systemd[1]: Mounting POSIX Message Queue File System...
         Mounting POSIX Message Queue File System...
[   36.730972] systemd[1]: Listening on udev Kernel Socket.
[[0;32m  OK  [0m] Listening on udev Kernel Socket.
[   36.776439] systemd[1]: Listening on udev Control Socket.
[[0;32m  OK  [0m] Listening on udev Control Socket.
[   36.895037] systemd[1]: Listening on LVM2 metadata daemon socket.
[[0;32m  OK  [0m] Listening on LVM2 metadata daemon socket.
[   37.071112] systemd[1]: Starting Monitoring of LVM2 mirrors, snapshots etc. using dmeventd or progress polling...
         Starting Monitoring of LVM2 mirrors... dmeventd or progress polling...
[   37.322956] systemd[1]: Starting Uncomplicated firewall...
         Starting Uncomplicated firewall...
[   37.466907] systemd[1]: Started Forward Password Requests to Wall Directory Watch.
[[0;32m  OK  [0m] Started Forward Password Requests to Wall Directory Watch.
[   37.759050] systemd[1]: Starting Remount Root and Kernel File Systems...
         [   37.856318] EXT4-fs (sda1): re-mounted. Opts: (null)
Starting Remount Root and Kernel File Systems...
[   38.042810] systemd[1]: Mounting Debug File System...
         Mounting Debug File System...
[   38.179504] systemd[1]: Mounted Debug File System.
[[0;32m  OK  [0m] Mounted Debug File System.
[   38.326742] systemd[1]: Mounted Huge Pages File System.
[[0;32m  OK  [0m] Mounted Huge Pages File System.
[   38.514770] systemd[1]: Mounted POSIX Message Queue File System.
[[0;32m  OK  [0m] Mounted POSIX Message Queue File System.
[   38.678925] systemd[1]: Started Journal Service.
[[0;32m  OK  [0m] Started Journal Service.
[[0;32m  OK  [0m] Started Create list of required sta...ce nodes for the current kernel.
[[0;32m  OK  [0m] Started Set console keymap.
[[0;32m  OK  [0m] Started Load Kernel Modules.
[[0;32m  OK  [0m] Started Uncomplicated firewall.
[[0;32m  OK  [0m] Started Remount Root and Kernel File Systems.
[[0;32m  OK  [0m] Started Nameserver information manager.
[[0;32m  OK  [0m] Started LVM2 metadata daemon.
         Starting Initial cloud-init job (pre-networking)...
         Starting Load/Save Random Seed...
         Starting udev Coldplug all Devices...
         Starting Apply Kernel Variables...
         Mounting FUSE Control File System...
         Starting Create Static Device Nodes in /dev...
         Starting Flush Journal to Persistent Storage...
[[0;32m  OK  [0m] Mounted FUSE Control File System.
[[0;32m  OK  [0m] Started Load/Save Random Seed.
[[0;32m  OK  [0m] Started Monitoring of LVM2 mirrors,...ng dmeventd or progress polling.
[[0;32m  OK  [0m] Started Apply Kernel Variables.
[[0;32m  OK  [0m] Started Create Static Device Nodes in /dev.
[[0;32m  OK  [0m] Started udev Coldplug all Devices.
[[0;32m  OK  [0m] Started Flush Journal to Persistent Storage.
         Starting udev Kernel Device Manager...
[[0;32m  OK  [0m] Started udev Kernel Device Manager.
[[0;32m  OK  [0m] Reached target Local File Systems (Pre).
[[0;32m  OK  [0m] Reached target Local File Systems.
         Starting Create Volatile Files and Directories...
         Starting Commit a transient machine-id on disk...
         Starting LSB: AppArmor initialization...
         Starting Set console font and keymap...
         Starting Tell Plymouth To Write Out Runtime Data...
[[0;32m  OK  [0m] Started Dispatch Password Requests to Console Directory Watch.
[[0;32m  OK  [0m] Started Create Volatile Files and Directories.
[[0;32m  OK  [0m] Started Commit a transient machine-id on disk.
[[0;32m  OK  [0m] Started Tell Plymouth To Write Out Runtime Data.
[[0;32m  OK  [0m] Found device /dev/ttyS0.
[[0;32m  OK  [0m] Reached target System Time Synchronized.
         Starting Update UTMP about System Boot/Shutdown...
[   26.957650] cloud-init[443]: Cloud-init v. 0.7.9 running 'init-local' at Thu, 05 Oct 2017 10:42:50 +0000. Up 25.89 seconds.
[[0;32m  OK  [0m] Started Update UTMP about System Boot/Shutdown.
[[0;32m  OK  [0m] Started Initial cloud-init job (pre-networking).
[[0;32m  OK  [0m] Started LSB: AppArmor initialization.
[[0;32m  OK  [0m] Reached target Network (Pre).
         Starting Raise network interfaces...
[[0;32m  OK  [0m] Listening on Load/Save RF Kill Switch Status /dev/rfkill Watch.
[[0;32m  OK  [0m] Started Set console font and keymap.
[[0;32m  OK  [0m] Created slice system-getty.slice.
[[0;32m  OK  [0m] Started Raise network interfaces.
         Starting Initial cloud-init job (metadata service crawler)...
[[0;32m  OK  [0m] Reached target Network.
[   31.214138] cloud-init[938]: Cloud-init v. 0.7.9 running 'init' at Thu, 05 Oct 2017 10:42:55 +0000. Up 30.25 seconds.
[   31.312894] cloud-init[938]: ci-info: +++++++++++++++++++++++++++++++++++++Net device info+++++++++++++++++++++++++++++++++++++
[   31.313715] cloud-init[938]: ci-info: +--------+------+---------------------------+---------------+-------+-------------------+
[[0;32m  OK  [0m] Started Initial cloud-init job (metadata service crawler).
[   31.313992] cloud-init[938]: ci-info: | Device |  Up  |          Address          |      Mask     | Scope |     Hw-Address    |
[   31.772587] cloud-init[938]: ci-info: +--------+------+---------------------------+---------------+-------+-------------------+
[   31.773028] cloud-init[938]: ci-info: | enp0s3 | True |         10.0.2.15         | 255.255.255.0 |   .   | 02:09:68:14:77:96 |
[[0;32m  OK  [0m] Reached target Cloud-config availability.
[   31.773269] cloud-init[938]: ci-info: | enp0s3 | True | fe80::9:68ff:fe14:7796/64 |       .       |  link | 02:09:68:14:77:96 |
[   32.091006] cloud-init[938]: ci-info: |   lo   | True |         127.0.0.1         |   255.0.0.0   |   .   |         .         |
[[0;32m  OK  [0m] Reached target System Initialization.
[   32.091462] cloud-init[938]: ci-info: |   lo   | True |          ::1/128          |       .       |  host |         .         |
[   32.516830] cloud-init[938]: ci-info: +--------+------+---------------------------+---------------+-------+-------------------+
         Starting Socket activation for snappy daemon.
[   32.517299] cloud-init[938]: ci-info: +++++++++++++++++++++++++++Route IPv4 info++++++++++++++++++++++++++++
[   32.748980] cloud-init[938]: ci-info: +-------+-------------+----------+---------------+-----------+-------+
[   32.749587] cloud-init[938]: ci-info: | Route | Destination | Gateway  |    Genmask    | Interface | Flags |
[[0;32m  OK  [0m] Started Timer to automatically refresh installed snaps.
[   32.749830] cloud-init[938]: ci-info: +-------+-------------+----------+---------------+-----------+-------+
[   33.104994] cloud-init[938]: ci-info: |   0   |   0.0.0.0   | 10.0.2.2 |    0.0.0.0    |   enp0s3  |   UG  |
         Starting LXD - unix socket.[   33.105397] 
cloud-init[938]: ci-info: |   1   |   10.0.2.0  | 0.0.0.0  | 255.255.255.0 |   enp0s3  |   U   |
[   33.320587] cloud-init[938]: ci-info: +-------+-------------+----------+---------------+-----------+-------+
[   33.321019] cloud-init[938]: Generating public/private rsa key pair.
[[0;32m  OK  [0m] Started Timer to automatically fetch and run repair assertions.
[   33.321431] cloud-init[938]: Your identification has been saved in /etc/ssh/ssh_host_rsa_key.
[   33.545071] cloud-init[938]: Your public key has been saved in /etc/ssh/ssh_host_rsa_key.pub.
[[0;32m  OK  [0m] Listening on UUID daemon activation socket.
[[0;32m  OK  [0m[   33.545404] ] cloud-initStarted Daily Cleanup of Temporary Directories.[938]: 
The key fingerprint is:
[   33.880694] cloud-init[938]: SHA256:RGxFXx5CI7bgxpXcJPCsbfotX1SYMxf5+z79YJOPoAE root@ubuntu-xenial
[   33.881223] cloud-init[938]: The key's randomart image is:
[[0;32m  OK  [0m] Listening on ACPID Listen Socket.
[[   33.881492] cloud-init[938]: +---[RSA 2048]----+
[0;32m  OK  [0m] Listening on D-Bus System Message Bus Socket.
[   34.093358] cloud-init[938]: |       .+=B== o..|
[   34.228411] cloud-init[938]: |       +o*o=.= =.|
[[   34.228843] [0;32m  OK  [0mcloud-init] [938]: Started ACPI Events Check.|       .= + . * +|

[[   34.229270] cloud-init[938]: |       o o     =.|
[   34.353422] cloud-init[938]: |        E o   . .|
[0;32m  OK  [0m] Reached target Paths.
[   34.353659] cloud-init[938]: |         +   . o |
[[0;32m  OK  [0m] Reached target Network is Online.
[   34.469108] cloud-init[938]: |        . . . * o|
[   34.610167] cloud-init[938]: |         ..+ + *o|
[   34.610598] cloud-init[938]: |          ooo ..*|
         Starting iSCSI initiator daemon (iscsid)...
[[   34.611029] cloud-init[938]: +----[SHA256]-----+
[   34.749193] cloud-init[938]: Generating public/private dsa key pair.
[0;32m  OK  [0m] Started Daily apt download activities.
[   34.749337] cloud-init[938]: Your identification has been saved in /etc/ssh/ssh_host_dsa_key.
[[0;32m  OK  [0m] Started Daily apt upgrade and clean activities.
[[0;32m  OK  [0m] Reached target Timers.
[[0;32m  OK  [0m] Listening on Socket activation for snappy daemon.
[[0;32m  OK  [0m] Listening on LXD - unix socket.
[   34.905398] cloud-init[938]: Your public key has been saved in /etc/ssh/ssh_host_dsa_key.pub.
[   35.209784] cloud-init[938]: The key fingerprint is:
[   35.210429] cloud-init[938]: SHA256:v+nHunr2S5B36JxNP9Uh5h+I+AX/Q5Zqb0jrzW3sCiQ root@ubuntu-xenial
[[0;32m  OK  [0m] Started iSCSI initiator daemon (iscsid).
[   35.210634] cloud-init[938]: The key's randomart image is:
[   35.420642] cloud-init[938]: +---[DSA 1024]----+
[   35.421162] cloud-init[938]: |                 |
         Starting Login to default iSCSI targets...
[   35.421459] cloud-init[938]: |                 |
[   35.525731] cloud-init[938]: |           . o . |
[[0;32m  OK  [0m] Reached target Sockets.
[   35.525943] cloud-init[938]: |          ..*.o +|
[   35.632666] cloud-init[938]: |        S.E.+=o=o|
[[0;32m  OK  [0m] Reached target Basic System.
[   35.632978] cloud-init[938]: |         ..B.**.o|
[   35.804577] cloud-init[938]: |          .oBo+*.|
[   35.805132] cloud-init[938]: |          o++++.*|
         Starting Apply the settings specified in cloud-config...
[   35.805543] cloud-init[938]: |        .=*=+ooBo|
[   35.996491] cloud-init[938]: +----[SHA256]-----+
[   35.997155] cloud-init[938]: Generating public/private ecdsa key pair.
[[0;32m  OK  [0m] Started Deferred execution scheduler.
[   35.997447] cloud-init[938]: Your identification has been saved in /etc/ssh/ssh_host_ecdsa_key.
[[0;32m  OK  [0m] Started D-Bus System Message Bus.
[   36.191282] cloud-init[938]: Your public key has been saved in /etc/ssh/ssh_host_ecdsa_key.pub.
         Starting Accounts Service...
[   36.355166] cloud-init[938]: The key fingerprint is:
[   36.416522] cloud-init[938]: SHA256:8FJb8UAQqAvfjwfHXTLfffU91w2rjHMAuJoZpUXya2c root@ubuntu-xenial
[[0;32m  OK  [0m] Started ACPI event daemon.
[   36.467650] cloud-init[938]: The key's randomart image is:
[   36.498361] cloud-init[938]: +---[ECDSA 256]---+
[   36.518212]          cloud-initStarting LSB: Record successful boot for GRUB...[938]: 
|       .o++      |
[   36.565266]          cloud-initStarting LXD - container startup/shutdown...[938]: 
|    . o    +     |
[   36.566036] cloud-init[938]: |     =... . .    |
[   36.812748]          cloud-initStarting /etc/rc.local Compatibility...[938]: 
|  . . =+.oo . . .|
[   36.814025] cloud-init[938]: |   o *.+So = . +*|
[[0;32m  OK  [0m] Started Unattended Upgrades Shutdown.
[   36.902721] cloud-init[938]: |    = *.E o . o.O|
[[0;32m  OK  [0m] Started Regular background program processing daemon.
[   37.046436] cloud-init[938]: |     * B   + .  +|
         Starting LSB: MD monitoring daemon...
[   37.175706] cloud-init[938]: |    + . o o +    |
         Starting System Logging Service...
[   37.267491] cloud-init[938]: |       .   o     |
         [   37.356316] cloud-init[938]: +----[SHA256]-----+
[   37.356402] cloud-init[938]: Generating public/private ed25519 key pair.
[   37.356463] cloud-init[938]: Your identification has been saved in /etc/ssh/ssh_host_ed25519_key.
[   37.356527] cloud-init[938]: Your public key has been saved in /etc/ssh/ssh_host_ed25519_key.pub.
[   37.356579] cloud-init[938]: The key fingerprint is:
[   37.356629] cloud-init[938]: SHA256:xdSrZ7QkIGAdUZ/EvDJYl1CJ4y9ipS9KEvBZnXw+ruo root@ubuntu-xenial
[   37.356677] cloud-init[938]: The key's randomart image is:
[   37.356728] cloud-init[938]: +--[ED25519 256]--+
[   37.356780] cloud-init[938]: |    ooo+o*++     |
[   37.356829] cloud-init[938]: |   . oo.==*..    |
[   37.356882] cloud-init[938]: |.   . +=.+=. .   |
[   37.356930] cloud-init[938]: | o o  .o=.o +    |
[   37.357063] cloud-init[938]: |  +    oS+ = .   |
[   37.357162] cloud-init[938]: |   .  +...o +    |
[   37.357336] cloud-init[938]: |  . .. o.. o     |
[   37.357458] cloud-init[938]: |   o  ...        |
[   37.357526] cloud-init[938]: |   .Eo..         |
[   37.357707] cloud-init[938]: +----[SHA256]-----+
Starting Snappy daemon...
[   37.361667] cloud-init[1038]: Generating locales (this might take a while)...
[[0;32m  OK  [0m[   38.270845] ] cloud-initStarted FUSE filesystem for LXC.[1038]: 
  en_US.UTF-8... done
[   38.271310] cloud-init[1038]: Generation complete.
         Starting Login Service...
         Starting Pollinate to seed the pseudo random number generator...
[[0;32m  OK  [0m] Started System Logging Service.
[[0;32m  OK  [0m] Started Snappy daemon.
[[0;32m  OK  [0m] Started LXD - container startup/shutdown.
[[0;32m  OK  [0m] Started /etc/rc.local Compatibility.
[[0;32m  OK  [0m] Started Login to default iSCSI targets.
[[0;32m  OK  [0m] Started LSB: Record successful boot for GRUB.
[[0;32m  OK  [0m] Started LSB: MD monitoring daemon.
         Starting Authenticate and Authorize Users to Run Privileged Tasks...
[[0;32m  OK  [0m] Stopped OpenBSD Secure Shell server.
         Starting OpenBSD Secure Shell server...
[[0;32m  OK  [0m] Reached target Remote File Systems (Pre).
[[0;32m  OK  [0m] Reached target Remote File Systems.
         Starting Permit User Sessions...
         Starting LSB: daemon to balance interrupts for SMP systems...
         Starting LSB: automatic crash report generation...
         Starting LSB: Set the CPU Frequency Scaling governor to "ondemand"...
         Starting LSB: VirtualBox Linux Additions...
         Starting Auto import assertions from block devices...
[[0;32m  OK  [0m] Started OpenBSD Secure Shell server.
[[0;32m  OK  [0m] Started Pollinate to seed the pseudo random number generator.
[[0;32m  OK  [0m] Started Permit User Sessions.
[[0;32m  OK  [0m] Started Auto import assertions from block devices.
[[0;32m  OK  [0m] Started Login Service.
[[0;32m  OK  [0m] Started Authenticate and Authorize Users to Run Privileged Tasks.
[[0;32m  OK  [0m] Started Accounts Service.
[[0;32m  OK  [0m] Created slice User Slice of ubuntu.
         Starting User Manager for UID 1000...
[[0;32m  OK  [0m] Started Session 1 of user ubuntu.
[   39.987903] cloud-init[1038]: Cloud-init v. 0.7.9 running 'modules:config' at Thu, 05 Oct 2017 10:43:01 +0000. Up 36.36 seconds.
         Starting Hold until boot process finishes up...
         Starting Terminate Plymouth Boot Screen...
[[0;32m  OK  [0m] Started User Manager for UID 1000.
[[0;32m  OK  [0m] Started Apply the settings specified in cloud-config.
[[0;32m  OK  [0m] Started LSB: daemon to balance interrupts for SMP systems.
[[0;32m  OK  [0m] Started LSB: automatic crash report generation.
[[0;32m  OK  [0m] Started LSB: Set the CPU Frequency Scaling governor to "ondemand".
[[0;32m  OK  [0m] Started LSB: VirtualBox Linux Additions.
[[0;32m  OK  [0m] Started Hold until boot process finishes up.
[[0;32m  OK  [0m] Started Terminate Plymouth Boot Screen.
         Starting Set console scheme...
[[0;32m  OK  [0m] Started Getty on tty1.
[[0;32m  OK  [0m] Started Serial Getty on ttyS0.
[[0;32m  OK  [0m] Reached target Login Prompts.
[[0;32m  OK  [0m] Reached target Multi-User System.
[[0;32m  OK  [0m] Reached target Graphical Interface.
         Starting Update UTMP about System Runlevel Changes...
         Starting Execute cloud user/final scripts...
[[0;32m  OK  [0m] Started Set console scheme.
[[0;32m  OK  [0m] Started Update UTMP about System Runlevel Changes.
ci-info: no authorized ssh keys fingerprints found for user ubuntu.
<14>Oct  5 10:43:06 ec2: 
<14>Oct  5 10:43:06 ec2: #############################################################
<14>Oct  5 10:43:06 ec2: -----BEGIN SSH HOST KEY FINGERPRINTS-----
<14>Oct  5 10:43:06 ec2: 1024 SHA256:v+nHunr2S5B36JxNP9Uh5h+I+AX/Q5Zqb0jrzW3sCiQ root@ubuntu-xenial (DSA)
<14>Oct  5 10:43:06 ec2: 256 SHA256:8FJb8UAQqAvfjwfHXTLfffU91w2rjHMAuJoZpUXya2c root@ubuntu-xenial (ECDSA)
<14>Oct  5 10:43:06 ec2: 256 SHA256:xdSrZ7QkIGAdUZ/EvDJYl1CJ4y9ipS9KEvBZnXw+ruo root@ubuntu-xenial (ED25519)
<14>Oct  5 10:43:06 ec2: 2048 SHA256:RGxFXx5CI7bgxpXcJPCsbfotX1SYMxf5+z79YJOPoAE root@ubuntu-xenial (RSA)
<14>Oct  5 10:43:06 ec2: -----END SSH HOST KEY FINGERPRINTS-----
<14>Oct  5 10:43:06 ec2: #############################################################
-----BEGIN SSH HOST KEY KEYS-----
ecdsa-sha2-nistp256 AAAAE2VjZHNhLXNoYTItbmlzdHAyNTYAAAAIbmlzdHAyNTYAAABBBG7ouO4Kia8xYCgNPHUxyfgVFrdv427ypMGHxerxW38ZLutvnqTFy7QSOwf+Kfc2nwcrcCflO9rOvflrwhio7j0= root@ubuntu-xenial
ssh-ed25519 AAAAC3NzaC1lZDI1NTE5AAAAIMuxhOW4hHmf9V6YoTdMlO1DU4tHPNBsJYmqLCT7L8G9 root@ubuntu-xenial
ssh-rsa AAAAB3NzaC1yc2EAAAADAQABAAABAQDKWQDsMW4rJTmAwKwQ9fxSwXzcnfh5Lq3R/tiL7QmFIuVqz4YGEyr77LbxrHS0HH4/6wmMcQXWa2RGueH2EMeAproMuyXHiNdPuv0D3Zwot+U8dRkWRYu9sLv3jMYTBhpau+1y0xjlN2+f6jnqJobly0yztz6w/9/0dlaEO5dowUl9x3K/KX+axyYKjQ7lk7pyOz/UMbj19vLpCcXiRXrVwBcJK7XgBUUcei4754IVzAOrSj91ziFKX9thUiPArQAM/2glZrRzN0AVVXqdeE4BWMpfiWkTG1xvbBg3BhdldFrn8aPssbVfD3WiC+gML7LWNApN6RufMBRKuuuMS97R root@ubuntu-xenial
-----END SSH HOST KEY KEYS-----
[   42.963935] cloud-init[1312]: Cloud-init v. 0.7.9 running 'modules:final' at Thu, 05 Oct 2017 10:43:06 +0000. Up 41.63 seconds.
[   43.053057] [cloud-init[0;32m  OK  [0m[1312]: ] ci-info: no authorized ssh keys fingerprints found for user ubuntu.Started Execute cloud user/final scripts.

[   43.054178] cloud-init[1312]: Cloud-init v. 0.7.9 finished at Thu, 05 Oct 2017 10:43:07 +0000. Datasource DataSourceNoCloud [seed=/dev/sdb][dsmode=net].  Up 42.95 seconds
[[0;32m  OK  [0m] Reached target Cloud-init target.

Ubuntu 16.04.3 LTS ubuntu-xenial ttyS0

ubuntu-xenial login: 